<?xml version="1.0" encoding="UTF-8"?>
<!-- Generated by org.testng.reporters.JUnitXMLReporter -->
<testsuite hostname="ip-172-31-16-168" ignored="0" name="Test" tests="3" failures="0" timestamp="2022-03-15T14:09:22 UTC" time="19.195" errors="0">
  <testcase name="ExternalDataTest" time="5.164" classname="testclasses.LoginTest"/>
  <testcase name="LoginFailureTest" time="4.05" classname="testclasses.LoginTest"/>
  <testcase name="LoginSuccessTest" time="4.092" classname="testclasses.LoginTest"/>
</testsuite> <!-- Test -->
