<?xml version="1.0" encoding="UTF-8"?>
<!-- Generated by org.testng.reporters.JUnitXMLReporter -->
<testsuite hostname="ip-172-31-16-168" ignored="0" name="Test" tests="3" failures="0" timestamp="2022-03-24T13:12:03 UTC" time="21.621" errors="0">
  <testcase name="ExternalDataTest" time="5.328" classname="testclasses.LoginTest"/>
  <testcase name="LoginFailureTest" time="4.879" classname="testclasses.LoginTest"/>
  <testcase name="LoginSuccessTest" time="5.224" classname="testclasses.LoginTest"/>
</testsuite> <!-- Test -->
