<?xml version="1.0" encoding="UTF-8"?>
<testng-results skipped="0" failed="0" ignored="0" total="3" passed="3">
  <reporter-output>
  </reporter-output>
  <suite name="Suite" duration-ms="21621" started-at="2022-03-24T13:11:42 UTC" finished-at="2022-03-24T13:12:03 UTC">
    <groups>
    </groups>
    <test name="Test" duration-ms="21621" started-at="2022-03-24T13:11:42 UTC" finished-at="2022-03-24T13:12:03 UTC">
      <class name="testclasses.LoginTest">
        <test-method status="PASS" signature="DataSetUP()[pri:0, instance:testclasses.LoginTest@458c1321]" name="DataSetUP" is-config="true" duration-ms="911" started-at="2022-03-24T13:11:42 UTC" finished-at="2022-03-24T13:11:42 UTC">
          <reporter-output>
          </reporter-output>
        </test-method> <!-- DataSetUP -->
        <test-method status="PASS" signature="SetUp(java.lang.reflect.Method)[pri:0, instance:testclasses.LoginTest@458c1321]" name="SetUp" is-config="true" duration-ms="1970" started-at="2022-03-24T13:11:42 UTC" finished-at="2022-03-24T13:11:44 UTC">
          <params>
            <param index="0">
              <value>
                <![CDATA[public void testclasses.LoginTest.ExternalDataTest()]]>
              </value>
            </param>
          </params>
          <reporter-output>
          </reporter-output>
        </test-method> <!-- SetUp -->
        <test-method status="PASS" signature="ExternalDataTest()[pri:0, instance:testclasses.LoginTest@458c1321]" name="ExternalDataTest" duration-ms="5328" started-at="2022-03-24T13:11:44 UTC" finished-at="2022-03-24T13:11:50 UTC">
          <reporter-output>
          </reporter-output>
        </test-method> <!-- ExternalDataTest -->
        <test-method status="PASS" signature="TearDown()[pri:0, instance:testclasses.LoginTest@458c1321]" name="TearDown" is-config="true" duration-ms="81" started-at="2022-03-24T13:11:50 UTC" finished-at="2022-03-24T13:11:50 UTC">
          <reporter-output>
          </reporter-output>
        </test-method> <!-- TearDown -->
        <test-method status="PASS" signature="SetUp(java.lang.reflect.Method)[pri:0, instance:testclasses.LoginTest@458c1321]" name="SetUp" is-config="true" duration-ms="1311" started-at="2022-03-24T13:11:50 UTC" finished-at="2022-03-24T13:11:51 UTC">
          <params>
            <param index="0">
              <value>
                <![CDATA[public void testclasses.LoginTest.LoginFailureTest()]]>
              </value>
            </param>
          </params>
          <reporter-output>
          </reporter-output>
        </test-method> <!-- SetUp -->
        <test-method status="PASS" signature="LoginFailureTest()[pri:0, instance:testclasses.LoginTest@458c1321]" name="LoginFailureTest" duration-ms="4879" started-at="2022-03-24T13:11:51 UTC" finished-at="2022-03-24T13:11:56 UTC">
          <reporter-output>
          </reporter-output>
        </test-method> <!-- LoginFailureTest -->
        <test-method status="PASS" signature="TearDown()[pri:0, instance:testclasses.LoginTest@458c1321]" name="TearDown" is-config="true" duration-ms="90" started-at="2022-03-24T13:11:56 UTC" finished-at="2022-03-24T13:11:56 UTC">
          <reporter-output>
          </reporter-output>
        </test-method> <!-- TearDown -->
        <test-method status="PASS" signature="SetUp(java.lang.reflect.Method)[pri:0, instance:testclasses.LoginTest@458c1321]" name="SetUp" is-config="true" duration-ms="1353" started-at="2022-03-24T13:11:56 UTC" finished-at="2022-03-24T13:11:57 UTC">
          <params>
            <param index="0">
              <value>
                <![CDATA[public void testclasses.LoginTest.LoginSuccessTest()]]>
              </value>
            </param>
          </params>
          <reporter-output>
          </reporter-output>
        </test-method> <!-- SetUp -->
        <test-method status="PASS" signature="LoginSuccessTest()[pri:0, instance:testclasses.LoginTest@458c1321]" name="LoginSuccessTest" duration-ms="5224" started-at="2022-03-24T13:11:57 UTC" finished-at="2022-03-24T13:12:03 UTC">
          <reporter-output>
          </reporter-output>
        </test-method> <!-- LoginSuccessTest -->
        <test-method status="PASS" signature="TearDown()[pri:0, instance:testclasses.LoginTest@458c1321]" name="TearDown" is-config="true" duration-ms="76" started-at="2022-03-24T13:12:03 UTC" finished-at="2022-03-24T13:12:03 UTC">
          <reporter-output>
          </reporter-output>
        </test-method> <!-- TearDown -->
        <test-method status="PASS" signature="DataTearDown()[pri:0, instance:testclasses.LoginTest@458c1321]" name="DataTearDown" is-config="true" duration-ms="359" started-at="2022-03-24T13:12:03 UTC" finished-at="2022-03-24T13:12:03 UTC">
          <reporter-output>
          </reporter-output>
        </test-method> <!-- DataTearDown -->
      </class> <!-- testclasses.LoginTest -->
    </test> <!-- Test -->
  </suite> <!-- Suite -->
</testng-results>
