<?xml version="1.0" encoding="UTF-8"?>
<testng-results skipped="0" failed="0" ignored="0" total="3" passed="3">
  <reporter-output>
  </reporter-output>
  <suite name="Suite" duration-ms="19195" started-at="2022-03-15T14:09:03 UTC" finished-at="2022-03-15T14:09:22 UTC">
    <groups>
    </groups>
    <test name="Test" duration-ms="19195" started-at="2022-03-15T14:09:03 UTC" finished-at="2022-03-15T14:09:22 UTC">
      <class name="testclasses.LoginTest">
        <test-method status="PASS" signature="DataSetUP()[pri:0, instance:testclasses.LoginTest@42eca56e]" name="DataSetUP" is-config="true" duration-ms="664" started-at="2022-03-15T14:09:03 UTC" finished-at="2022-03-15T14:09:04 UTC">
          <reporter-output>
          </reporter-output>
        </test-method> <!-- DataSetUP -->
        <test-method status="PASS" signature="SetUp(java.lang.reflect.Method)[pri:0, instance:testclasses.LoginTest@42eca56e]" name="SetUp" is-config="true" duration-ms="1746" started-at="2022-03-15T14:09:04 UTC" finished-at="2022-03-15T14:09:05 UTC">
          <params>
            <param index="0">
              <value>
                <![CDATA[public void testclasses.LoginTest.ExternalDataTest()]]>
              </value>
            </param>
          </params>
          <reporter-output>
          </reporter-output>
        </test-method> <!-- SetUp -->
        <test-method status="PASS" signature="ExternalDataTest()[pri:0, instance:testclasses.LoginTest@42eca56e]" name="ExternalDataTest" duration-ms="5164" started-at="2022-03-15T14:09:05 UTC" finished-at="2022-03-15T14:09:11 UTC">
          <reporter-output>
          </reporter-output>
        </test-method> <!-- ExternalDataTest -->
        <test-method status="PASS" signature="TearDown()[pri:0, instance:testclasses.LoginTest@42eca56e]" name="TearDown" is-config="true" duration-ms="83" started-at="2022-03-15T14:09:11 UTC" finished-at="2022-03-15T14:09:11 UTC">
          <reporter-output>
          </reporter-output>
        </test-method> <!-- TearDown -->
        <test-method status="PASS" signature="SetUp(java.lang.reflect.Method)[pri:0, instance:testclasses.LoginTest@42eca56e]" name="SetUp" is-config="true" duration-ms="1455" started-at="2022-03-15T14:09:11 UTC" finished-at="2022-03-15T14:09:12 UTC">
          <params>
            <param index="0">
              <value>
                <![CDATA[public void testclasses.LoginTest.LoginFailureTest()]]>
              </value>
            </param>
          </params>
          <reporter-output>
          </reporter-output>
        </test-method> <!-- SetUp -->
        <test-method status="PASS" signature="LoginFailureTest()[pri:0, instance:testclasses.LoginTest@42eca56e]" name="LoginFailureTest" duration-ms="4050" started-at="2022-03-15T14:09:12 UTC" finished-at="2022-03-15T14:09:16 UTC">
          <reporter-output>
          </reporter-output>
        </test-method> <!-- LoginFailureTest -->
        <test-method status="PASS" signature="TearDown()[pri:0, instance:testclasses.LoginTest@42eca56e]" name="TearDown" is-config="true" duration-ms="71" started-at="2022-03-15T14:09:16 UTC" finished-at="2022-03-15T14:09:16 UTC">
          <reporter-output>
          </reporter-output>
        </test-method> <!-- TearDown -->
        <test-method status="PASS" signature="SetUp(java.lang.reflect.Method)[pri:0, instance:testclasses.LoginTest@42eca56e]" name="SetUp" is-config="true" duration-ms="1434" started-at="2022-03-15T14:09:16 UTC" finished-at="2022-03-15T14:09:18 UTC">
          <params>
            <param index="0">
              <value>
                <![CDATA[public void testclasses.LoginTest.LoginSuccessTest()]]>
              </value>
            </param>
          </params>
          <reporter-output>
          </reporter-output>
        </test-method> <!-- SetUp -->
        <test-method status="PASS" signature="LoginSuccessTest()[pri:0, instance:testclasses.LoginTest@42eca56e]" name="LoginSuccessTest" duration-ms="4092" started-at="2022-03-15T14:09:18 UTC" finished-at="2022-03-15T14:09:22 UTC">
          <reporter-output>
          </reporter-output>
        </test-method> <!-- LoginSuccessTest -->
        <test-method status="PASS" signature="TearDown()[pri:0, instance:testclasses.LoginTest@42eca56e]" name="TearDown" is-config="true" duration-ms="83" started-at="2022-03-15T14:09:22 UTC" finished-at="2022-03-15T14:09:22 UTC">
          <reporter-output>
          </reporter-output>
        </test-method> <!-- TearDown -->
        <test-method status="PASS" signature="DataTearDown()[pri:0, instance:testclasses.LoginTest@42eca56e]" name="DataTearDown" is-config="true" duration-ms="315" started-at="2022-03-15T14:09:22 UTC" finished-at="2022-03-15T14:09:22 UTC">
          <reporter-output>
          </reporter-output>
        </test-method> <!-- DataTearDown -->
      </class> <!-- testclasses.LoginTest -->
    </test> <!-- Test -->
  </suite> <!-- Suite -->
</testng-results>
